<?xml version="1.0" encoding="UTF-8"?>
<!-- Generated by org.testng.reporters.JUnitReportReporter -->
<testsuite hostname="DESKTOP-6KC8FDH" failures="0" tests="1" name="test.NewTest" time="8.459" errors="0" timestamp="2023-07-01T20:10:59 IST" skipped="0">
  <testcase classname="test.NewTest" name="f" time="8.459"/>
</testsuite> <!-- test.NewTest -->
